Line 75: Class MSComDlg.CommonDialog of control CommonDialog1 was not a loaded control class.
Line 82: Class lvButton.lvButtons_H of control cmdSave was not a loaded control class.
Line 114: Class lvButton.lvButtons_H of control lvButtons_H1 was not a loaded control class.
Line 146: Class MSComCtl2.Animation of control Animation1 was not a loaded control class.
Line 78: The property name _ExtentX in CommonDialog1 is invalid.
Line 79: The property name _ExtentY in CommonDialog1 is invalid.
Line 80: The property name _Version in CommonDialog1 is invalid.
Line 88: The property name _ExtentX in cmdSave is invalid.
Line 89: The property name _ExtentY in cmdSave is invalid.
Line 90: The property name Caption in cmdSave is invalid.
Line 91: The property name CapAlign in cmdSave is invalid.
Line 92: The property name BackStyle in cmdSave is invalid.
Line 102: The property name cFore in cmdSave is invalid.
Line 103: The property name cFHover in cmdSave is invalid.
Line 104: The property name cBhover in cmdSave is invalid.
Line 105: The property name LockHover in cmdSave is invalid.
Line 106: The property name cGradient in cmdSave is invalid.
Line 107: The property name Gradient in cmdSave is invalid.
Line 108: The property name CapStyle in cmdSave is invalid.
Line 109: The property name Mode in cmdSave is invalid.
Line 110: The property name Value in cmdSave is invalid.
Line 111: The property name Image in cmdSave is invalid.
Line 112: The property name cBack in cmdSave is invalid.
Line 120: The property name _ExtentX in lvButtons_H1 is invalid.
Line 121: The property name _ExtentY in lvButtons_H1 is invalid.
Line 122: The property name Caption in lvButtons_H1 is invalid.
Line 123: The property name CapAlign in lvButtons_H1 is invalid.
Line 124: The property name BackStyle in lvButtons_H1 is invalid.
Line 134: The property name cFore in lvButtons_H1 is invalid.
Line 135: The property name cFHover in lvButtons_H1 is invalid.
Line 136: The property name cBhover in lvButtons_H1 is invalid.
Line 137: The property name LockHover in lvButtons_H1 is invalid.
Line 138: The property name cGradient in lvButtons_H1 is invalid.
Line 139: The property name Gradient in lvButtons_H1 is invalid.
Line 140: The property name CapStyle in lvButtons_H1 is invalid.
Line 141: The property name Mode in lvButtons_H1 is invalid.
Line 142: The property name Value in lvButtons_H1 is invalid.
Line 143: The property name Image in lvButtons_H1 is invalid.
Line 144: The property name cBack in lvButtons_H1 is invalid.
Line 153: The property name _ExtentX in Animation1 is invalid.
Line 154: The property name _ExtentY in Animation1 is invalid.
Line 155: The property name _Version in Animation1 is invalid.
Line 156: The property name AutoPlay in Animation1 is invalid.
Line 157: The property name FullWidth in Animation1 is invalid.
Line 158: The property name FullHeight in Animation1 is invalid.
