Line 179: Class lvButton.lvButtons_H of control lvButtons_H6 was not a loaded control class.
Line 212: Class lvButton.lvButtons_H of control btnsave was not a loaded control class.
Line 245: Class lvButton.lvButtons_H of control lvButtons_H1 was not a loaded control class.
Line 186: The property name _ExtentX in lvButtons_H6 is invalid.
Line 187: The property name _ExtentY in lvButtons_H6 is invalid.
Line 188: The property name CapAlign in lvButtons_H6 is invalid.
Line 189: The property name BackStyle in lvButtons_H6 is invalid.
Line 199: The property name cFore in lvButtons_H6 is invalid.
Line 200: The property name cFHover in lvButtons_H6 is invalid.
Line 201: The property name cBhover in lvButtons_H6 is invalid.
Line 202: The property name LockHover in lvButtons_H6 is invalid.
Line 203: The property name cGradient in lvButtons_H6 is invalid.
Line 204: The property name Gradient in lvButtons_H6 is invalid.
Line 205: The property name CapStyle in lvButtons_H6 is invalid.
Line 206: The property name Mode in lvButtons_H6 is invalid.
Line 207: The property name Value in lvButtons_H6 is invalid.
Line 208: The property name Image in lvButtons_H6 is invalid.
Line 209: The property name ImgSize in lvButtons_H6 is invalid.
Line 210: The property name cBack in lvButtons_H6 is invalid.
Line 219: The property name _ExtentX in btnsave is invalid.
Line 220: The property name _ExtentY in btnsave is invalid.
Line 221: The property name CapAlign in btnsave is invalid.
Line 222: The property name BackStyle in btnsave is invalid.
Line 232: The property name cFore in btnsave is invalid.
Line 233: The property name cFHover in btnsave is invalid.
Line 234: The property name cBhover in btnsave is invalid.
Line 235: The property name LockHover in btnsave is invalid.
Line 236: The property name cGradient in btnsave is invalid.
Line 237: The property name Gradient in btnsave is invalid.
Line 238: The property name CapStyle in btnsave is invalid.
Line 239: The property name Mode in btnsave is invalid.
Line 240: The property name Value in btnsave is invalid.
Line 241: The property name ImgAlign in btnsave is invalid.
Line 242: The property name Image in btnsave is invalid.
Line 243: The property name cBack in btnsave is invalid.
Line 252: The property name _ExtentX in lvButtons_H1 is invalid.
Line 253: The property name _ExtentY in lvButtons_H1 is invalid.
Line 254: The property name CapAlign in lvButtons_H1 is invalid.
Line 255: The property name BackStyle in lvButtons_H1 is invalid.
Line 265: The property name cFore in lvButtons_H1 is invalid.
Line 266: The property name cFHover in lvButtons_H1 is invalid.
Line 267: The property name cBhover in lvButtons_H1 is invalid.
Line 268: The property name LockHover in lvButtons_H1 is invalid.
Line 269: The property name cGradient in lvButtons_H1 is invalid.
Line 270: The property name Gradient in lvButtons_H1 is invalid.
Line 271: The property name CapStyle in lvButtons_H1 is invalid.
Line 272: The property name Mode in lvButtons_H1 is invalid.
Line 273: The property name Value in lvButtons_H1 is invalid.
Line 274: The property name ImgAlign in lvButtons_H1 is invalid.
Line 275: The property name Image in lvButtons_H1 is invalid.
Line 276: The property name cBack in lvButtons_H1 is invalid.
