Line 139: Class BlinkingLabel.ctlblink of control lblMode was not a loaded control class.
Line 649: Class BlinkingLabel.ctlblink of control ctlblink1 was not a loaded control class.
Line 674: Class BlinkingLabel.ctlblink of control ctlblink2 was not a loaded control class.
Line 699: Class BlinkingLabel.ctlblink of control ctlblink3 was not a loaded control class.
Line 1307: Class freeSize.freeSizer of control freeSizer1 was not a loaded control class.
Line 145: The property name _ExtentX in lblMode is invalid.
Line 146: The property name _ExtentY in lblMode is invalid.
Line 147: The property name Caption in lblMode is invalid.
Line 157: The property name ForeColor1 in lblMode is invalid.
Line 158: The property name ForeColor2 in lblMode is invalid.
Line 159: The property name BackColor1 in lblMode is invalid.
Line 160: The property name BackColor2 in lblMode is invalid.
Line 161: The property name Interval in lblMode is invalid.
Line 656: The property name _ExtentX in ctlblink1 is invalid.
Line 657: The property name _ExtentY in ctlblink1 is invalid.
Line 658: The property name Caption in ctlblink1 is invalid.
Line 668: The property name ForeColor1 in ctlblink1 is invalid.
Line 669: The property name ForeColor2 in ctlblink1 is invalid.
Line 670: The property name BackColor1 in ctlblink1 is invalid.
Line 671: The property name BackColor2 in ctlblink1 is invalid.
Line 672: The property name Interval in ctlblink1 is invalid.
Line 681: The property name _ExtentX in ctlblink2 is invalid.
Line 682: The property name _ExtentY in ctlblink2 is invalid.
Line 683: The property name Caption in ctlblink2 is invalid.
Line 693: The property name ForeColor1 in ctlblink2 is invalid.
Line 694: The property name ForeColor2 in ctlblink2 is invalid.
Line 695: The property name BackColor1 in ctlblink2 is invalid.
Line 696: The property name BackColor2 in ctlblink2 is invalid.
Line 697: The property name Interval in ctlblink2 is invalid.
Line 706: The property name _ExtentX in ctlblink3 is invalid.
Line 707: The property name _ExtentY in ctlblink3 is invalid.
Line 708: The property name Caption in ctlblink3 is invalid.
Line 718: The property name ForeColor1 in ctlblink3 is invalid.
Line 719: The property name ForeColor2 in ctlblink3 is invalid.
Line 720: The property name BackColor1 in ctlblink3 is invalid.
Line 721: The property name BackColor2 in ctlblink3 is invalid.
Line 722: The property name Interval in ctlblink3 is invalid.
Line 1310: The property name _ExtentX in freeSizer1 is invalid.
Line 1311: The property name _ExtentY in freeSizer1 is invalid.
Line 1312: The property name ResizeFonts in freeSizer1 is invalid.
Line 1313: The property name ResizeObjects in freeSizer1 is invalid.
Line 1314: The property name MoveObjects in freeSizer1 is invalid.
Line 1315: The property name CenterForm in freeSizer1 is invalid.
Line 1316: The property name SmartSizing in freeSizer1 is invalid.
Line 1317: The property name SmartPositioning in freeSizer1 is invalid.
Line 145: The property name _ExtentX in lblMode is invalid.
Line 146: The property name _ExtentY in lblMode is invalid.
Line 147: The property name Caption in lblMode is invalid.
Line 157: The property name ForeColor1 in lblMode is invalid.
Line 158: The property name ForeColor2 in lblMode is invalid.
Line 159: The property name BackColor1 in lblMode is invalid.
Line 160: The property name BackColor2 in lblMode is invalid.
Line 161: The property name Interval in lblMode is invalid.
Line 656: The property name _ExtentX in ctlblink1 is invalid.
Line 657: The property name _ExtentY in ctlblink1 is invalid.
Line 658: The property name Caption in ctlblink1 is invalid.
Line 668: The property name ForeColor1 in ctlblink1 is invalid.
Line 669: The property name ForeColor2 in ctlblink1 is invalid.
Line 670: The property name BackColor1 in ctlblink1 is invalid.
Line 671: The property name BackColor2 in ctlblink1 is invalid.
Line 672: The property name Interval in ctlblink1 is invalid.
Line 681: The property name _ExtentX in ctlblink2 is invalid.
Line 682: The property name _ExtentY in ctlblink2 is invalid.
Line 683: The property name Caption in ctlblink2 is invalid.
Line 693: The property name ForeColor1 in ctlblink2 is invalid.
Line 694: The property name ForeColor2 in ctlblink2 is invalid.
Line 695: The property name BackColor1 in ctlblink2 is invalid.
Line 696: The property name BackColor2 in ctlblink2 is invalid.
Line 697: The property name Interval in ctlblink2 is invalid.
Line 706: The property name _ExtentX in ctlblink3 is invalid.
Line 707: The property name _ExtentY in ctlblink3 is invalid.
Line 708: The property name Caption in ctlblink3 is invalid.
Line 718: The property name ForeColor1 in ctlblink3 is invalid.
Line 719: The property name ForeColor2 in ctlblink3 is invalid.
Line 720: The property name BackColor1 in ctlblink3 is invalid.
Line 721: The property name BackColor2 in ctlblink3 is invalid.
Line 722: The property name Interval in ctlblink3 is invalid.
Line 1310: The property name _ExtentX in freeSizer1 is invalid.
Line 1311: The property name _ExtentY in freeSizer1 is invalid.
Line 1312: The property name ResizeFonts in freeSizer1 is invalid.
Line 1313: The property name ResizeObjects in freeSizer1 is invalid.
Line 1314: The property name MoveObjects in freeSizer1 is invalid.
Line 1315: The property name CenterForm in freeSizer1 is invalid.
Line 1316: The property name SmartSizing in freeSizer1 is invalid.
Line 1317: The property name SmartPositioning in freeSizer1 is invalid.
