Line 16: Class DevPowerFlatBttn.FlatBttn of control ftbClose was not a loaded control class.
Line 38: Class CrystalActiveXReportViewerLib10Ctl.CrystalActiveXReportViewer of control CRView was not a loaded control class.
Line 22: The property name _ExtentX in ftbClose is invalid.
Line 23: The property name _ExtentY in ftbClose is invalid.
Line 24: The property name Caption in ftbClose is invalid.
Line 35: The property name TextColor in ftbClose is invalid.
Line 36: The property name Object.ToolTipText in ftbClose is invalid.
Line 44: The property name lastProp in CRViewer is invalid.
Line 45: The property name _cx in CRViewer is invalid.
Line 46: The property name _cy in CRViewer is invalid.
Line 47: The property name DisplayGroupTree in CRViewer is invalid.
Line 48: The property name DisplayToolbar in CRViewer is invalid.
Line 49: The property name EnableGroupTree in CRViewer is invalid.
Line 50: The property name EnableNavigationControls in CRViewer is invalid.
Line 51: The property name EnableStopButton in CRViewer is invalid.
Line 52: The property name EnablePrintButton in CRViewer is invalid.
Line 53: The property name EnableZoomControl in CRViewer is invalid.
Line 54: The property name EnableCloseButton in CRViewer is invalid.
Line 55: The property name EnableProgressControl in CRViewer is invalid.
Line 56: The property name EnableSearchControl in CRViewer is invalid.
Line 57: The property name EnableRefreshButton in CRViewer is invalid.
Line 58: The property name EnableDrillDown in CRViewer is invalid.
Line 59: The property name EnableAnimationControl in CRViewer is invalid.
Line 60: The property name EnableSelectExpertButton in CRViewer is invalid.
Line 61: The property name EnableToolbar in CRViewer is invalid.
Line 62: The property name DisplayBorder in CRViewer is invalid.
Line 63: The property name DisplayTabs in CRViewer is invalid.
Line 64: The property name DisplayBackgroundEdge in CRViewer is invalid.
Line 65: The property name SelectionFormula in CRViewer is invalid.
Line 66: The property name EnablePopupMenu in CRViewer is invalid.
Line 67: The property name EnableExportButton in CRViewer is invalid.
Line 68: The property name EnableSearchExpertButton in CRViewer is invalid.
Line 69: The property name EnableHelpButton in CRViewer is invalid.
Line 70: The property name LaunchHTTPHyperlinksInNewBrowser in CRViewer is invalid.
Line 71: The property name EnableLogonPrompts in CRViewer is invalid.
